<?xml version="1.0" encoding="UTF-8"?>
<!-- Generated by org.testng.reporters.JUnitReportReporter -->
<testsuite hostname="DESKTOP-NCVPFGE" failures="0" tests="2" name="com.test.pages.MessagingTest" time="2.809" errors="0" timestamp="2021-03-26T13:39:36 CET" skipped="0">
  <testcase classname="com.test.pages.MessagingTest" name="launchAppTest" time="0.214"/>
  <system-out/>
  <testcase classname="com.test.pages.MessagingTest" name="addMsgTest" time="2.595"/>
  <system-out/>
</testsuite> <!-- com.test.pages.MessagingTest -->
