<?xml version="1.0" encoding="UTF-8"?>
<!-- Generated by org.testng.reporters.JUnitReportReporter -->
<testsuite hostname="DESKTOP-NCVPFGE" failures="0" tests="1" name="com.main.base.TestBase" time="0.029" errors="0" timestamp="2021-03-22T14:47:19 CET" skipped="0">
  <testcase classname="com.main.base.TestBase" name="test001" time="0.029"/>
  <system-out/>
</testsuite> <!-- com.main.base.TestBase -->
